<?xml version="1.0" encoding="UTF-8" ?>
<testsuite failures="0" time="0.609" errors="0" skipped="0" tests="1" name="com.shift.medusa.ServiceTest">
  <properties>
    <property name="java.runtime.name" value="Java(TM) SE Runtime Environment"/>
    <property name="sun.boot.library.path" value="C:\Program Files\Java\jdk1.6.0_21\jre\bin"/>
    <property name="java.vm.version" value="17.0-b17"/>
    <property name="java.vm.vendor" value="Sun Microsystems Inc."/>
    <property name="java.vendor.url" value="http://java.sun.com/"/>
    <property name="path.separator" value=";"/>
    <property name="java.vm.name" value="Java HotSpot(TM) Client VM"/>
    <property name="file.encoding.pkg" value="sun.io"/>
    <property name="user.country" value="CN"/>
    <property name="sun.java.launcher" value="SUN_STANDARD"/>
    <property name="sun.os.patch.level" value="Service Pack 2"/>
    <property name="java.vm.specification.name" value="Java Virtual Machine Specification"/>
    <property name="user.dir" value="E:\work\medusa\medusa.biz"/>
    <property name="java.runtime.version" value="1.6.0_21-b07"/>
    <property name="java.awt.graphicsenv" value="sun.awt.Win32GraphicsEnvironment"/>
    <property name="basedir" value="E:\work\medusa\medusa.biz"/>
    <property name="java.endorsed.dirs" value="C:\Program Files\Java\jdk1.6.0_21\jre\lib\endorsed"/>
    <property name="os.arch" value="x86"/>
    <property name="surefire.real.class.path" value="C:\DOCUME~1\ADMINI~1\LOCALS~1\Temp\1\surefirebooter2301386333928946129.jar"/>
    <property name="java.io.tmpdir" value="C:\DOCUME~1\ADMINI~1\LOCALS~1\Temp\1\"/>
    <property name="line.separator" value="
"/>
    <property name="java.vm.specification.vendor" value="Sun Microsystems Inc."/>
    <property name="user.variant" value=""/>
    <property name="os.name" value="Windows 2003"/>
    <property name="sun.jnu.encoding" value="GBK"/>
    <property name="java.library.path" value="C:\Program Files\Java\jdk1.6.0_21\jre\bin;.;C:\WINDOWS\Sun\Java\bin;C:\WINDOWS\system32;C:\WINDOWS;C:\WINDOWS\system32;C:\WINDOWS;C:\WINDOWS\System32\Wbem;C:\Program Files\Common Files\Thunder Network\KanKan\Codecs;C:\Program Files\Common Files\Ulead Systems\MPEG;E:\apache-maven-2.2.1\bin"/>
    <property name="surefire.test.class.path" value="E:\work\medusa\medusa.biz\target\test-classes;E:\work\medusa\medusa.biz\target\classes;C:\Documents and Settings\Administrator\.m2\repository\org\apache\struts\struts2-core\2.1.8\struts2-core-2.1.8.jar;C:\Documents and Settings\Administrator\.m2\repository\com\opensymphony\xwork-core\2.1.6\xwork-core-2.1.6.jar;C:\Documents and Settings\Administrator\.m2\repository\ognl\ognl\2.7.3\ognl-2.7.3.jar;C:\Documents and Settings\Administrator\.m2\repository\org\freemarker\freemarker\2.3.15\freemarker-2.3.15.jar;C:\Documents and Settings\Administrator\.m2\repository\commons-fileupload\commons-fileupload\1.2.1\commons-fileupload-1.2.1.jar;C:\Documents and Settings\Administrator\.m2\repository\commons-io\commons-io\1.3.2\commons-io-1.3.2.jar;C:\Program Files\Java\jdk1.6.0_21\jre\..\lib\tools.jar;C:\Documents and Settings\Administrator\.m2\repository\junit\junit\4.3.1\junit-4.3.1.jar;C:\Documents and Settings\Administrator\.m2\repository\org\springframework\spring-orm\3.0.3.RELEASE\spring-orm-3.0.3.RELEASE.jar;C:\Documents and Settings\Administrator\.m2\repository\org\springframework\spring-beans\3.0.3.RELEASE\spring-beans-3.0.3.RELEASE.jar;C:\Documents and Settings\Administrator\.m2\repository\org\springframework\spring-core\3.0.3.RELEASE\spring-core-3.0.3.RELEASE.jar;C:\Documents and Settings\Administrator\.m2\repository\org\springframework\spring-asm\3.0.3.RELEASE\spring-asm-3.0.3.RELEASE.jar;C:\Documents and Settings\Administrator\.m2\repository\commons-logging\commons-logging\1.1.1\commons-logging-1.1.1.jar;C:\Documents and Settings\Administrator\.m2\repository\org\springframework\spring-jdbc\3.0.3.RELEASE\spring-jdbc-3.0.3.RELEASE.jar;C:\Documents and Settings\Administrator\.m2\repository\org\springframework\spring-tx\3.0.3.RELEASE\spring-tx-3.0.3.RELEASE.jar;C:\Documents and Settings\Administrator\.m2\repository\aopalliance\aopalliance\1.0\aopalliance-1.0.jar;C:\Documents and Settings\Administrator\.m2\repository\org\springframework\spring-aop\3.0.3.RELEASE\spring-aop-3.0.3.RELEASE.jar;C:\Documents and Settings\Administrator\.m2\repository\org\springframework\spring-context\3.0.3.RELEASE\spring-context-3.0.3.RELEASE.jar;C:\Documents and Settings\Administrator\.m2\repository\org\springframework\spring-expression\3.0.3.RELEASE\spring-expression-3.0.3.RELEASE.jar;C:\Documents and Settings\Administrator\.m2\repository\org\apache\ibatis\ibatis-sqlmap\2.3.4.726\ibatis-sqlmap-2.3.4.726.jar;C:\Documents and Settings\Administrator\.m2\repository\cglib\cglib-nodep\2.2\cglib-nodep-2.2.jar;C:\Documents and Settings\Administrator\.m2\repository\mysql\mysql-connector-java\5.0.5\mysql-connector-java-5.0.5.jar;C:\Documents and Settings\Administrator\.m2\repository\org\aspectj\aspectjweaver\1.5.4\aspectjweaver-1.5.4.jar;C:\Documents and Settings\Administrator\.m2\repository\org\aspectj\aspectjrt\1.5.4\aspectjrt-1.5.4.jar;C:\Documents and Settings\Administrator\.m2\repository\commons-dbcp\commons-dbcp\1.4\commons-dbcp-1.4.jar;C:\Documents and Settings\Administrator\.m2\repository\commons-pool\commons-pool\1.5.4\commons-pool-1.5.4.jar;C:\Documents and Settings\Administrator\.m2\repository\commons-lang\commons-lang\2.5\commons-lang-2.5.jar;"/>
    <property name="java.specification.name" value="Java Platform API Specification"/>
    <property name="java.class.version" value="50.0"/>
    <property name="sun.management.compiler" value="HotSpot Client Compiler"/>
    <property name="os.version" value="5.2"/>
    <property name="user.home" value="C:\Documents and Settings\Administrator"/>
    <property name="user.timezone" value="Asia/Shanghai"/>
    <property name="java.awt.printerjob" value="sun.awt.windows.WPrinterJob"/>
    <property name="java.specification.version" value="1.6"/>
    <property name="file.encoding" value="GBK"/>
    <property name="user.name" value="Administrator"/>
    <property name="java.class.path" value="E:\work\medusa\medusa.biz\target\test-classes;E:\work\medusa\medusa.biz\target\classes;C:\Documents and Settings\Administrator\.m2\repository\org\apache\struts\struts2-core\2.1.8\struts2-core-2.1.8.jar;C:\Documents and Settings\Administrator\.m2\repository\com\opensymphony\xwork-core\2.1.6\xwork-core-2.1.6.jar;C:\Documents and Settings\Administrator\.m2\repository\ognl\ognl\2.7.3\ognl-2.7.3.jar;C:\Documents and Settings\Administrator\.m2\repository\org\freemarker\freemarker\2.3.15\freemarker-2.3.15.jar;C:\Documents and Settings\Administrator\.m2\repository\commons-fileupload\commons-fileupload\1.2.1\commons-fileupload-1.2.1.jar;C:\Documents and Settings\Administrator\.m2\repository\commons-io\commons-io\1.3.2\commons-io-1.3.2.jar;C:\Program Files\Java\jdk1.6.0_21\jre\..\lib\tools.jar;C:\Documents and Settings\Administrator\.m2\repository\junit\junit\4.3.1\junit-4.3.1.jar;C:\Documents and Settings\Administrator\.m2\repository\org\springframework\spring-orm\3.0.3.RELEASE\spring-orm-3.0.3.RELEASE.jar;C:\Documents and Settings\Administrator\.m2\repository\org\springframework\spring-beans\3.0.3.RELEASE\spring-beans-3.0.3.RELEASE.jar;C:\Documents and Settings\Administrator\.m2\repository\org\springframework\spring-core\3.0.3.RELEASE\spring-core-3.0.3.RELEASE.jar;C:\Documents and Settings\Administrator\.m2\repository\org\springframework\spring-asm\3.0.3.RELEASE\spring-asm-3.0.3.RELEASE.jar;C:\Documents and Settings\Administrator\.m2\repository\commons-logging\commons-logging\1.1.1\commons-logging-1.1.1.jar;C:\Documents and Settings\Administrator\.m2\repository\org\springframework\spring-jdbc\3.0.3.RELEASE\spring-jdbc-3.0.3.RELEASE.jar;C:\Documents and Settings\Administrator\.m2\repository\org\springframework\spring-tx\3.0.3.RELEASE\spring-tx-3.0.3.RELEASE.jar;C:\Documents and Settings\Administrator\.m2\repository\aopalliance\aopalliance\1.0\aopalliance-1.0.jar;C:\Documents and Settings\Administrator\.m2\repository\org\springframework\spring-aop\3.0.3.RELEASE\spring-aop-3.0.3.RELEASE.jar;C:\Documents and Settings\Administrator\.m2\repository\org\springframework\spring-context\3.0.3.RELEASE\spring-context-3.0.3.RELEASE.jar;C:\Documents and Settings\Administrator\.m2\repository\org\springframework\spring-expression\3.0.3.RELEASE\spring-expression-3.0.3.RELEASE.jar;C:\Documents and Settings\Administrator\.m2\repository\org\apache\ibatis\ibatis-sqlmap\2.3.4.726\ibatis-sqlmap-2.3.4.726.jar;C:\Documents and Settings\Administrator\.m2\repository\cglib\cglib-nodep\2.2\cglib-nodep-2.2.jar;C:\Documents and Settings\Administrator\.m2\repository\mysql\mysql-connector-java\5.0.5\mysql-connector-java-5.0.5.jar;C:\Documents and Settings\Administrator\.m2\repository\org\aspectj\aspectjweaver\1.5.4\aspectjweaver-1.5.4.jar;C:\Documents and Settings\Administrator\.m2\repository\org\aspectj\aspectjrt\1.5.4\aspectjrt-1.5.4.jar;C:\Documents and Settings\Administrator\.m2\repository\commons-dbcp\commons-dbcp\1.4\commons-dbcp-1.4.jar;C:\Documents and Settings\Administrator\.m2\repository\commons-pool\commons-pool\1.5.4\commons-pool-1.5.4.jar;C:\Documents and Settings\Administrator\.m2\repository\commons-lang\commons-lang\2.5\commons-lang-2.5.jar;"/>
    <property name="java.vm.specification.version" value="1.0"/>
    <property name="sun.arch.data.model" value="32"/>
    <property name="java.home" value="C:\Program Files\Java\jdk1.6.0_21\jre"/>
    <property name="java.specification.vendor" value="Sun Microsystems Inc."/>
    <property name="user.language" value="zh"/>
    <property name="awt.toolkit" value="sun.awt.windows.WToolkit"/>
    <property name="java.vm.info" value="mixed mode, sharing"/>
    <property name="java.version" value="1.6.0_21"/>
    <property name="java.ext.dirs" value="C:\Program Files\Java\jdk1.6.0_21\jre\lib\ext;C:\WINDOWS\Sun\Java\lib\ext"/>
    <property name="sun.boot.class.path" value="C:\Program Files\Java\jdk1.6.0_21\jre\lib\resources.jar;C:\Program Files\Java\jdk1.6.0_21\jre\lib\rt.jar;C:\Program Files\Java\jdk1.6.0_21\jre\lib\sunrsasign.jar;C:\Program Files\Java\jdk1.6.0_21\jre\lib\jsse.jar;C:\Program Files\Java\jdk1.6.0_21\jre\lib\jce.jar;C:\Program Files\Java\jdk1.6.0_21\jre\lib\charsets.jar;C:\Program Files\Java\jdk1.6.0_21\jre\classes"/>
    <property name="java.vendor" value="Sun Microsystems Inc."/>
    <property name="localRepository" value="C:\Documents and Settings\Administrator\.m2\repository"/>
    <property name="file.separator" value="\"/>
    <property name="java.vendor.url.bug" value="http://java.sun.com/cgi-bin/bugreport.cgi"/>
    <property name="sun.cpu.endian" value="little"/>
    <property name="sun.io.unicode.encoding" value="UnicodeLittle"/>
    <property name="sun.desktop" value="windows"/>
    <property name="sun.cpu.isalist" value="pentium_pro+mmx pentium_pro pentium+mmx pentium i486 i386 i86"/>
  </properties>
  <testcase time="0.609" classname="com.shift.medusa.ServiceTest" name="testMain"/>
</testsuite>